{"level":"info","message":"PostgreSQL connection establishment succeeded","source":"database.go","who":"New"}
{"level":"info","message":"starting api server on http://localhost:9600","source":"main.go"}
{"level":"info","message":"CORS succeeded","source":"middleware.go","who":"CORS"}
{"level":"info","message":"upload failed, unable to read from FormFile or avatar not provided, default avatar set","source":"api.go","who":"uploadHandler"}
{"level":"info","message":"signup failed, validation failed","source":"database.go","who":"Register"}
{"level":"info","message":"/users failed, bad username or/and password.","source":"api.go","who":"RegisterPOSTHandler"}
{"level":"info","message":"CORS succeeded","source":"middleware.go","who":"CORS"}
{"level":"info","message":"upload failed, unable to read from FormFile or avatar not provided, default avatar set","source":"api.go","who":"uploadHandler"}
{"level":"info","message":"signup failed, validation failed","source":"database.go","who":"Register"}
{"level":"info","message":"/users failed, bad username or/and password.","source":"api.go","who":"RegisterPOSTHandler"}
{"level":"info","message":"CORS succeeded","source":"middleware.go","who":"CORS"}
{"level":"info","message":"upload failed, unable to read from FormFile or avatar not provided, default avatar set","source":"api.go","who":"uploadHandler"}
{"level":"info","message":"signup succeeded","source":"database.go","who":"Create"}
{"level":"info","message":"AddApp succeeded","source":"database.go","who":"AddApp"}
{"level":"info","message":"AddApp succeeded","source":"database.go","who":"AddApp"}
{"level":"info","message":"/users succeeded","source":"api.go","who":"RegisterPOSTHandler"}
{"level":"info","message":"CORS succeeded","source":"middleware.go","who":"CORS"}
{"level":"info","message":"upload succeeded","source":"api.go","who":"uploadHandler"}
{"level":"info","message":"signup succeeded","source":"database.go","who":"Create"}
{"level":"info","message":"AddApp succeeded","source":"database.go","who":"AddApp"}
{"level":"info","message":"AddApp succeeded","source":"database.go","who":"AddApp"}
{"level":"info","message":"/users succeeded","source":"api.go","who":"RegisterPOSTHandler"}
{"level":"info","message":"CORS succeeded","source":"middleware.go","who":"CORS"}
{"level":"info","message":"auth check succeeded","source":"middleware.go","who":"Auth"}
{"level":"info","message":"logout succeeded","source":"database.go","who":"Logout"}
{"level":"info","message":"/session succeeded","source":"api.go","who":"LogoutDELETEHandler"}
